<?xml version="1.0" encoding="UTF-8"?>
<!-- Generated by org.testng.reporters.JUnitReportReporter -->
<testsuite hostname="Quality1" name="com.selenium.test1.Logintest" tests="1" failures="0" timestamp="30 Aug 2016 12:15:27 GMT" time="13.377" errors="0">
  <testcase name="Login" time="13.377" classname="com.selenium.test1.Logintest"/>
</testsuite> <!-- com.selenium.test1.Logintest -->
