<?xml version="1.0" encoding="UTF-8"?>
<!-- Generated by org.testng.reporters.JUnitReportReporter -->
<testsuite hostname="Quality1" name="com.selenium.test1.NewTest" tests="1" failures="0" timestamp="30 Aug 2016 12:15:27 GMT" time="9.461" errors="0">
  <testcase name="login" time="9.461" classname="com.selenium.test1.NewTest"/>
</testsuite> <!-- com.selenium.test1.NewTest -->
